TN:
SF:/Users/jaredlikes/code/philotic-stack/crates/agent-core/src/main.rs
FN:16,main
FNF:1
FNDA:0,main
DA:16,0
DA:17,0
DA:18,0
DA:20,0
DA:23,0
DA:24,0
DA:27,0
DA:29,0
DA:31,0
DA:32,0
DA:33,0
DA:34,0
DA:36,0
DA:37,0
DA:38,0
DA:40,0
DA:43,0
DA:44,0
DA:48,0
DA:49,0
DA:50,0
DA:58,0
DA:59,0
DA:60,0
DA:61,0
DA:66,0
DA:67,0
DA:69,0
DA:70,0
LF:29
LH:0
end_of_record
TN:
SF:/Users/jaredlikes/code/philotic-stack/crates/ansible/src/graph.rs
FN:16,ContextGraph::open
FN:26,ContextGraph::init_schema
FNF:2
FNDA:0,ContextGraph::open
FNDA:0,ContextGraph::init_schema
DA:16,0
DA:17,0
DA:19,0
DA:20,0
DA:22,0
DA:26,0
DA:27,0
DA:28,0
DA:29,0
DA:70,0
DA:72,0
DA:73,0
LF:12
LH:0
end_of_record
TN:
SF:/Users/jaredlikes/code/philotic-stack/crates/ansible/src/main.rs
FN:46,AnsibleCutoverFlags::from_env
FN:58,main
FNF:2
FNDA:0,AnsibleCutoverFlags::from_env
FNDA:0,main
DA:46,0
DA:48,0
DA:49,0
DA:50,0
DA:58,0
DA:59,0
DA:60,0
DA:62,0
DA:64,0
DA:65,0
DA:66,0
DA:67,0
DA:68,0
DA:69,0
DA:72,0
DA:73,0
DA:76,0
DA:77,0
DA:78,0
DA:79,0
DA:81,0
DA:82,0
DA:83,0
DA:84,0
DA:86,0
DA:88,0
DA:91,0
DA:92,0
DA:94,0
DA:96,0
DA:98,0
DA:100,0
DA:105,0
DA:106,0
DA:108,0
DA:110,0
DA:111,0
DA:112,0
DA:113,0
DA:114,0
DA:116,0
DA:119,0
DA:120,0
DA:121,0
DA:129,0
DA:133,0
DA:134,0
DA:135,0
DA:138,0
DA:141,0
DA:143,0
DA:146,0
DA:149,0
DA:152,0
DA:155,0
DA:156,0
DA:157,0
DA:159,0
DA:160,0
DA:163,0
DA:164,0
DA:165,0
DA:166,0
DA:170,0
DA:174,0
DA:177,0
DA:180,0
DA:181,0
DA:182,0
DA:183,0
DA:184,0
DA:188,0
DA:189,0
DA:190,0
DA:191,0
DA:192,0
DA:197,0
DA:198,0
DA:200,0
DA:201,0
DA:202,0
DA:203,0
DA:204,0
DA:205,0
DA:206,0
DA:207,0
DA:210,0
DA:211,0
DA:212,0
DA:213,0
DA:214,0
DA:215,0
DA:221,0
DA:222,0
DA:223,0
DA:224,0
DA:226,0
DA:233,0
DA:235,0
DA:239,0
DA:241,0
DA:242,0
DA:243,0
DA:248,0
DA:249,0
DA:250,0
DA:251,0
DA:253,0
DA:254,0
DA:257,0
DA:258,0
DA:259,0
DA:260,0
DA:261,0
DA:262,0
DA:263,0
DA:264,0
DA:269,0
DA:270,0
DA:271,0
DA:272,0
DA:273,0
DA:274,0
DA:275,0
DA:281,0
DA:282,0
DA:283,0
DA:284,0
DA:286,0
DA:287,0
DA:288,0
DA:289,0
DA:290,0
DA:291,0
DA:292,0
DA:295,0
DA:302,0
DA:304,0
DA:305,0
DA:306,0
DA:307,0
DA:308,0
DA:309,0
DA:314,0
DA:315,0
DA:316,0
DA:317,0
DA:320,0
DA:321,0
DA:322,0
DA:323,0
DA:324,0
DA:326,0
DA:327,0
DA:333,0
DA:339,0
DA:341,0
DA:342,0
DA:343,0
DA:345,0
DA:346,0
DA:348,0
DA:349,0
DA:350,0
DA:351,0
DA:352,0
DA:353,0
DA:354,0
DA:356,0
DA:358,0
DA:359,0
DA:360,0
DA:361,0
DA:362,0
DA:363,0
DA:364,0
DA:365,0
DA:366,0
DA:367,0
DA:368,0
DA:371,0
DA:372,0
DA:373,0
DA:374,0
DA:383,0
DA:384,0
DA:385,0
DA:386,0
DA:388,0
DA:389,0
DA:390,0
DA:391,0
DA:393,0
DA:394,0
DA:397,0
DA:398,0
DA:399,0
DA:402,0
DA:403,0
DA:405,0
DA:406,0
DA:409,0
DA:410,0
DA:411,0
DA:412,0
DA:413,0
DA:414,0
DA:415,0
DA:417,0
DA:419,0
DA:420,0
DA:421,0
DA:422,0
DA:423,0
DA:424,0
DA:425,0
DA:426,0
DA:427,0
DA:428,0
DA:429,0
DA:434,0
DA:435,0
DA:436,0
DA:437,0
DA:447,0
DA:448,0
DA:449,0
DA:450,0
DA:453,0
DA:454,0
DA:455,0
DA:457,0
DA:458,0
DA:462,0
LF:234
LH:0
end_of_record
TN:
SF:/Users/jaredlikes/code/philotic-stack/crates/ansible/src/service/blob.rs
FN:22,BlobService::new
FN:30,BlobService::router
FN:41,BlobService::serve
FN:49,upload_blob
FNF:4
FNDA:0,BlobService::new
FNDA:0,BlobService::router
FNDA:0,BlobService::serve
FNDA:0,upload_blob
DA:22,0
DA:23,0
DA:24,0
DA:25,0
DA:30,0
DA:33,0
DA:34,0
DA:35,0
DA:36,0
DA:37,0
DA:41,0
DA:42,0
DA:43,0
DA:44,0
DA:45,0
DA:49,0
DA:53,0
DA:54,0
DA:56,0
DA:57,0
DA:58,0
DA:60,0
DA:61,0
DA:63,0
DA:64,0
DA:65,0
DA:67,0
DA:68,0
DA:69,0
DA:70,0
DA:71,0
DA:74,0
DA:75,0
DA:77,0
DA:79,0
DA:81,0
DA:83,0
DA:84,0
DA:85,0
DA:88,0
DA:91,0
DA:92,0
DA:95,0
DA:96,0
LF:44
LH:0
end_of_record
TN:
SF:/Users/jaredlikes/code/philotic-stack/crates/ansible/src/service/guest_manager.rs
FN:15,LocalProcessMaterializer::new
FN:19,LocalProcessMaterializer::pid_exists
FN:30,LocalProcessMaterializer::terminate_pid
FN:44,<impl Materializer for LocalProcessMaterializer>::spawn_guest
FN:72,<impl Materializer for LocalProcessMaterializer>::reclaim_guest
FN:97,<impl Materializer for LocalProcessMaterializer>::check_status
FN:114,GuestManager::new
FN:121,GuestManager::clear_guest_pid
FN:126,GuestManager::materialize_all
FN:174,GuestManager::supervise_guests
FN:194,GuestManager::reconcile_all
FNF:11
FNDA:0,LocalProcessMaterializer::new
FNDA:0,LocalProcessMaterializer::pid_exists
FNDA:0,LocalProcessMaterializer::terminate_pid
FNDA:0,<impl Materializer for LocalProcessMaterializer>::spawn_guest
FNDA:0,<impl Materializer for LocalProcessMaterializer>::reclaim_guest
FNDA:0,<impl Materializer for LocalProcessMaterializer>::check_status
FNDA:0,GuestManager::new
FNDA:0,GuestManager::clear_guest_pid
FNDA:0,GuestManager::materialize_all
FNDA:0,GuestManager::supervise_guests
FNDA:0,GuestManager::reconcile_all
DA:15,0
DA:19,0
DA:20,0
DA:22,0
DA:23,0
DA:24,0
DA:26,0
DA:30,0
DA:31,0
DA:33,0
DA:34,0
DA:35,0
DA:37,0
DA:44,0
DA:45,0
DA:47,0
DA:60,0
DA:61,0
DA:62,0
DA:72,0
DA:97,0
DA:114,0
DA:117,0
DA:121,0
DA:122,0
DA:126,0
DA:127,0
DA:129,0
DA:131,0
DA:132,0
DA:135,0
DA:136,0
DA:137,0
DA:138,0
DA:139,0
DA:141,0
DA:145,0
DA:147,0
DA:148,0
DA:149,0
DA:150,0
DA:151,0
DA:153,0
DA:154,0
DA:155,0
DA:160,0
DA:163,0
DA:164,0
DA:165,0
DA:166,0
DA:170,0
DA:174,0
DA:175,0
DA:177,0
DA:180,0
DA:181,0
DA:182,0
DA:183,0
DA:186,0
DA:187,0
DA:188,0
DA:194,0
DA:195,0
DA:197,0
DA:198,0
DA:200,0
DA:202,0
DA:203,0
DA:204,0
DA:205,0
DA:207,0
DA:208,0
DA:210,0
DA:211,0
DA:212,0
DA:213,0
DA:215,0
DA:220,0
DA:221,0
DA:222,0
DA:223,0
DA:224,0
DA:226,0
DA:230,0
DA:231,0
DA:232,0
DA:233,0
DA:235,0
DA:240,0
LF:89
LH:0
end_of_record
TN:
SF:/Users/jaredlikes/code/philotic-stack/crates/ansible/src/service/ipc.rs
FN:20,IpcServer::new
FN:28,IpcServer::run
FN:56,IpcServer::handle_client
FN:83,IpcServer::process_request
FNF:4
FNDA:0,IpcServer::new
FNDA:0,IpcServer::run
FNDA:0,IpcServer::handle_client
FNDA:0,IpcServer::process_request
DA:20,0
DA:22,0
DA:28,0
DA:29,0
DA:31,0
DA:32,0
DA:35,0
DA:36,0
DA:39,0
DA:40,0
DA:41,0
DA:42,0
DA:43,0
DA:44,0
DA:45,0
DA:49,0
DA:50,0
DA:56,0
DA:57,0
DA:59,0
DA:60,0
DA:61,0
DA:62,0
DA:63,0
DA:64,0
DA:65,0
DA:68,0
DA:70,0
DA:71,0
DA:72,0
DA:73,0
DA:74,0
DA:78,0
DA:83,0
DA:84,0
DA:85,0
DA:86,0
DA:87,0
DA:89,0
DA:90,0
DA:92,0
DA:94,0
DA:95,0
DA:97,0
DA:99,0
DA:100,0
DA:101,0
DA:103,0
DA:107,0
DA:108,0
DA:110,0
DA:111,0
DA:113,0
DA:114,0
DA:115,0
DA:119,0
DA:120,0
DA:121,0
DA:123,0
DA:127,0
DA:128,0
DA:130,0
DA:131,0
DA:133,0
DA:134,0
DA:135,0
DA:137,0
DA:138,0
DA:140,0
DA:142,0
DA:143,0
DA:146,0
DA:150,0
DA:151,0
DA:153,0
DA:154,0
DA:156,0
DA:157,0
DA:159,0
DA:161,0
DA:162,0
DA:165,0
DA:169,0
DA:170,0
DA:172,0
DA:173,0
DA:175,0
DA:176,0
DA:178,0
DA:180,0
DA:181,0
DA:184,0
DA:188,0
DA:194,0
DA:196,0
DA:197,0
DA:199,0
DA:200,0
DA:201,0
DA:203,0
DA:204,0
DA:205,0
DA:206,0
DA:207,0
DA:209,0
DA:212,0
DA:215,0
DA:217,0
DA:218,0
DA:220,0
DA:222,0
DA:223,0
DA:224,0
DA:226,0
DA:230,0
DA:231,0
DA:233,0
DA:234,0
LF:118
LH:0
end_of_record
TN:
SF:/Users/jaredlikes/code/philotic-stack/crates/ansible/src/service/mesh_dispatcher.rs
FN:10,outbound_dispatcher
FN:40,dispatch_for_target
FNF:2
FNDA:0,outbound_dispatcher
FNDA:0,dispatch_for_target
DA:10,0
DA:18,0
DA:21,0
DA:24,0
DA:25,0
DA:26,0
DA:27,0
DA:28,0
DA:32,0
DA:33,0
DA:34,0
DA:40,0
DA:49,0
DA:52,0
DA:54,0
DA:55,0
DA:58,0
DA:61,0
DA:62,0
DA:65,0
DA:68,0
DA:69,0
DA:70,0
DA:72,0
DA:76,0
DA:79,0
DA:80,0
DA:81,0
DA:82,0
DA:84,0
DA:85,0
DA:87,0
DA:92,0
LF:33
LH:0
end_of_record
TN:
SF:/Users/jaredlikes/code/philotic-stack/crates/ansible/src/service/webrtc_guest.rs
FN:25,WebRtcGuest::new
FN:31,WebRtcGuest::run_answering
FNF:2
FNDA:0,WebRtcGuest::new
FNDA:0,WebRtcGuest::run_answering
DA:25,0
DA:31,0
DA:32,0
DA:34,0
DA:35,0
DA:37,0
DA:38,0
DA:40,0
DA:41,0
DA:42,0
DA:46,0
DA:53,0
DA:55,0
DA:56,0
DA:57,0
DA:58,0
DA:60,0
DA:63,0
DA:64,0
DA:65,0
DA:66,0
DA:68,0
DA:69,0
DA:70,0
DA:71,0
DA:74,0
DA:78,0
DA:79,0
DA:82,0
DA:83,0
DA:84,0
DA:87,0
DA:89,0
DA:92,0
DA:93,0
DA:94,0
DA:95,0
DA:97,0
DA:98,0
DA:102,0
DA:103,0
DA:104,0
DA:109,0
DA:111,0
LF:44
LH:0
end_of_record
TN:
SF:/Users/jaredlikes/code/philotic-stack/crates/ansible-mesh-core/src/adapter.rs
FN:27,MeshAdapter::connect
FN:37,MeshAdapter::send_message
FN:58,MeshAdapter::tool_call
FN:78,MeshAdapter::run_agent
FNF:4
FNDA:0,MeshAdapter::connect
FNDA:0,MeshAdapter::send_message
FNDA:0,MeshAdapter::tool_call
FNDA:0,MeshAdapter::run_agent
DA:27,0
DA:29,0
DA:30,0
DA:31,0
DA:32,0
DA:33,0
DA:37,0
DA:38,0
DA:42,0
DA:43,0
DA:48,0
DA:49,0
DA:52,0
DA:53,0
DA:54,0
DA:58,0
DA:59,0
DA:60,0
DA:61,0
DA:62,0
DA:63,0
DA:67,0
DA:71,0
DA:72,0
DA:73,0
DA:78,0
DA:80,0
DA:81,0
DA:82,0
DA:83,0
DA:84,0
DA:85,0
DA:89,0
DA:90,0
LF:34
LH:0
end_of_record
TN:
SF:/Users/jaredlikes/code/philotic-stack/crates/ansible-mesh-core/src/authz.rs
FN:16,MeshAuth::new
FN:21,MeshAuth::sign
FN:32,MeshAuth::validate
FN:70,NonceTracker::open
FN:84,NonceTracker::assert_and_record_nonce
FN:104,NonceTracker::clean_expired_nonces
FNF:6
FNDA:1,MeshAuth::new
FNDA:2,MeshAuth::sign
FNDA:3,MeshAuth::validate
FNDA:1,NonceTracker::open
FNDA:2,NonceTracker::assert_and_record_nonce
FNDA:0,NonceTracker::clean_expired_nonces
DA:16,1
DA:17,1
DA:21,2
DA:22,6
DA:24,6
DA:25,6
DA:26,6
DA:27,6
DA:28,4
DA:32,3
DA:40,9
DA:41,3
DA:46,3
DA:47,0
DA:49,6
DA:50,1
DA:54,6
DA:56,6
DA:57,6
DA:58,6
DA:59,6
DA:61,10
DA:70,1
DA:71,3
DA:72,2
DA:79,1
DA:84,2
DA:85,6
DA:86,6
DA:87,2
DA:91,4
DA:92,2
DA:93,2
DA:95,1
DA:96,3
DA:97,1
DA:99,0
DA:104,0
DA:105,0
DA:106,0
DA:110,0
DA:112,0
DA:114,0
DA:116,0
LF:44
LH:35
end_of_record
TN:
SF:/Users/jaredlikes/code/philotic-stack/crates/ansible-mesh-core/src/beacon.rs
FN:26,BeaconDaemon::bind
FN:52,BeaconDaemon::socket
FN:56,BeaconDaemon::run_loop
FN:74,BeaconDaemon::handle_packet
FN:110,BeaconDaemon::dispatch_message
FNF:5
FNDA:0,BeaconDaemon::bind
FNDA:0,BeaconDaemon::socket
FNDA:0,BeaconDaemon::run_loop
FNDA:0,BeaconDaemon::handle_packet
FNDA:0,BeaconDaemon::dispatch_message
DA:26,0
DA:34,0
DA:35,0
DA:36,0
DA:38,0
DA:39,0
DA:41,0
DA:42,0
DA:43,0
DA:44,0
DA:45,0
DA:46,0
DA:47,0
DA:48,0
DA:49,0
DA:52,0
DA:53,0
DA:56,0
DA:57,0
DA:63,0
DA:64,0
DA:65,0
DA:67,0
DA:68,0
DA:74,0
DA:77,0
DA:78,0
DA:79,0
DA:82,0
DA:83,0
DA:84,0
DA:85,0
DA:89,0
DA:90,0
DA:91,0
DA:94,0
DA:98,0
DA:99,0
DA:102,0
DA:104,0
DA:105,0
DA:110,0
DA:111,0
DA:113,0
DA:114,0
DA:115,0
DA:116,0
DA:120,0
DA:124,0
LF:49
LH:0
end_of_record
TN:
SF:/Users/jaredlikes/code/philotic-stack/crates/ansible-mesh-core/src/cursor.rs
FN:13,CursorTracker::open
FN:20,CursorTracker::init_schema
FN:33,CursorTracker::get_cursor
FN:43,CursorTracker::advance_cursor
FNF:4
FNDA:1,CursorTracker::open
FNDA:1,CursorTracker::init_schema
FNDA:3,CursorTracker::get_cursor
FNDA:2,CursorTracker::advance_cursor
DA:13,1
DA:14,3
DA:15,3
DA:16,2
DA:17,1
DA:20,1
DA:21,3
DA:22,3
DA:30,1
DA:33,3
DA:34,9
DA:35,9
DA:37,3
DA:38,4
DA:40,3
DA:43,2
DA:44,6
DA:45,6
DA:51,2
DA:53,2
LF:20
LH:20
end_of_record
TN:
SF:/Users/jaredlikes/code/philotic-stack/crates/ansible-mesh-core/src/graph_tools.rs
FN:17,ContextGraphInvoker::new
FN:23,ContextGraphInvoker::read_memory
FN:38,ContextGraphInvoker::write_memory
FN:61,<impl ToolInvoker for ContextGraphInvoker>::call_tool
FNF:4
FNDA:0,ContextGraphInvoker::new
FNDA:0,ContextGraphInvoker::read_memory
FNDA:0,ContextGraphInvoker::write_memory
FNDA:0,<impl ToolInvoker for ContextGraphInvoker>::call_tool
DA:17,0
DA:19,0
DA:23,0
DA:24,0
DA:25,0
DA:27,0
DA:28,0
DA:29,0
DA:31,0
DA:32,0
DA:33,0
DA:38,0
DA:39,0
DA:40,0
DA:41,0
DA:43,0
DA:44,0
DA:45,0
DA:46,0
DA:47,0
DA:48,0
DA:51,0
DA:53,0
DA:54,0
DA:55,0
DA:61,0
DA:63,0
DA:64,0
DA:65,0
DA:66,0
DA:67,0
DA:68,0
LF:32
LH:0
end_of_record
TN:
SF:/Users/jaredlikes/code/philotic-stack/crates/ansible-mesh-core/src/heartbeat.rs
FN:14,emit_heartbeat
FNF:1
FNDA:0,emit_heartbeat
DA:14,0
DA:20,0
DA:25,0
DA:26,0
DA:27,0
DA:32,0
DA:33,0
DA:36,0
DA:37,0
DA:39,0
LF:10
LH:0
end_of_record
TN:
SF:/Users/jaredlikes/code/philotic-stack/crates/ansible-mesh-core/src/ledger.rs
FN:14,EventLedger::open
FN:21,EventLedger::init_schema
FN:45,EventLedger::append_event
FN:86,EventLedger::delete_event
FN:92,EventLedger::query_unacked_events
FNF:5
FNDA:1,EventLedger::open
FNDA:1,EventLedger::init_schema
FNDA:4,EventLedger::append_event
FNDA:0,EventLedger::delete_event
FNDA:0,EventLedger::query_unacked_events
DA:14,1
DA:15,3
DA:16,3
DA:17,2
DA:18,1
DA:21,1
DA:22,3
DA:23,3
DA:41,1
DA:45,4
DA:46,12
DA:47,8
DA:48,0
DA:49,0
DA:53,16
DA:55,12
DA:56,12
DA:62,8
DA:63,12
DA:64,4
DA:65,4
DA:66,4
DA:67,8
DA:68,4
DA:69,4
DA:70,4
DA:71,4
DA:72,4
DA:73,4
DA:74,4
DA:78,4
DA:79,2
DA:82,2
DA:86,0
DA:87,0
DA:88,0
DA:92,0
DA:93,0
DA:94,0
DA:108,0
DA:109,0
DA:111,0
DA:112,0
DA:113,0
DA:115,0
DA:117,0
DA:118,0
DA:120,0
DA:121,0
DA:122,0
DA:123,0
DA:129,0
DA:130,0
DA:132,0
DA:134,0
DA:135,0
DA:136,0
DA:138,0
DA:139,0
DA:140,0
DA:141,0
DA:142,0
DA:143,0
DA:144,0
DA:145,0
DA:146,0
DA:147,0
DA:148,0
DA:149,0
DA:150,0
DA:154,0
LF:71
LH:31
end_of_record
TN:
SF:/Users/jaredlikes/code/philotic-stack/crates/ansible-mesh-core/src/meshops.rs
FN:13,MeshopsNodeInvoker::new
FN:17,MeshopsNodeInvoker::broadcast
FN:27,MeshopsNodeInvoker::locate_agent
FN:39,<impl ToolInvoker for MeshopsNodeInvoker>::call_tool
FNF:4
FNDA:0,MeshopsNodeInvoker::new
FNDA:0,MeshopsNodeInvoker::broadcast
FNDA:0,MeshopsNodeInvoker::locate_agent
FNDA:0,<impl ToolInvoker for MeshopsNodeInvoker>::call_tool
DA:13,0
DA:14,0
DA:17,0
DA:18,0
DA:20,0
DA:21,0
DA:22,0
DA:23,0
DA:27,0
DA:28,0
DA:29,0
DA:30,0
DA:31,0
DA:32,0
DA:33,0
DA:39,0
DA:40,0
DA:41,0
DA:42,0
DA:43,0
LF:20
LH:0
end_of_record
TN:
SF:/Users/jaredlikes/code/philotic-stack/crates/ansible-mesh-core/src/model_manager.rs
FN:39,ModelManagerInvoker::new
FN:43,ModelManagerInvoker::handle_list
FN:64,ModelManagerInvoker::handle_route
FN:91,<impl ToolInvoker for ModelManagerInvoker>::call_tool
FNF:4
FNDA:0,ModelManagerInvoker::new
FNDA:0,ModelManagerInvoker::handle_list
FNDA:0,ModelManagerInvoker::handle_route
FNDA:0,<impl ToolInvoker for ModelManagerInvoker>::call_tool
DA:39,0
DA:43,0
DA:44,0
DA:45,0
DA:47,0
DA:48,0
DA:49,0
DA:50,0
DA:51,0
DA:52,0
DA:58,0
DA:59,0
DA:60,0
DA:64,0
DA:65,0
DA:66,0
DA:70,0
DA:71,0
DA:72,0
DA:74,0
DA:75,0
DA:76,0
DA:78,0
DA:83,0
DA:91,0
DA:92,0
DA:95,0
DA:96,0
DA:97,0
DA:98,0
DA:99,0
DA:100,0
LF:32
LH:0
end_of_record
TN:
SF:/Users/jaredlikes/code/philotic-stack/crates/ansible-mesh-core/src/registry.rs
FN:19,NodeRegistry::new
FN:26,NodeRegistry::update_node
FN:37,NodeRegistry::get_node
FN:43,NodeRegistry::active_nodes
FN:48,NodeRegistry::find_nodes_with_tool
FN:55,NodeRegistry::find_nodes_with_role
FNF:6
FNDA:0,NodeRegistry::new
FNDA:0,NodeRegistry::update_node
FNDA:0,NodeRegistry::get_node
FNDA:0,NodeRegistry::active_nodes
FNDA:0,NodeRegistry::find_nodes_with_tool
FNDA:0,NodeRegistry::find_nodes_with_role
DA:19,0
DA:21,0
DA:26,0
DA:27,0
DA:28,0
DA:29,0
DA:30,0
DA:31,0
DA:37,0
DA:38,0
DA:43,0
DA:44,0
DA:48,0
DA:49,0
DA:50,0
DA:55,0
DA:56,0
DA:57,0
LF:18
LH:0
end_of_record
TN:
SF:/Users/jaredlikes/code/philotic-stack/crates/ansible-mesh-core/src/sqlite_storage.rs
FN:26,SqliteEventStorage::open
FN:35,SqliteEventStorage::init_schema
FN:60,<impl EventStorage for SqliteEventStorage>::append_event
FN:110,<impl EventStorage for SqliteEventStorage>::delete_event
FN:119,<impl EventStorage for SqliteEventStorage>::query_unacked_events
FN:198,SqliteCursorStorage::open
FN:207,SqliteCursorStorage::init_schema
FN:222,<impl CursorStorage for SqliteCursorStorage>::get_cursor
FN:234,<impl CursorStorage for SqliteCursorStorage>::advance_cursor
FN:258,SqliteGraphStorage::open
FN:267,SqliteGraphStorage::init_schema
FN:319,SqliteGraphStorage::raw_conn
FN:325,<impl GraphStorage for SqliteGraphStorage>::load_node_capabilities
FN:340,<impl GraphStorage for SqliteGraphStorage>::save_node_capabilities
FN:352,<impl GraphStorage for SqliteGraphStorage>::list_guests
FN:375,<impl GraphStorage for SqliteGraphStorage>::set_guest_pid
FN:384,<impl GraphStorage for SqliteGraphStorage>::seed_guests
FN:395,<impl GraphStorage for SqliteGraphStorage>::sync_apartment
FNF:18
FNDA:6,SqliteEventStorage::open
FNDA:6,SqliteEventStorage::init_schema
FNDA:18,<impl EventStorage for SqliteEventStorage>::append_event
FNDA:1,<impl EventStorage for SqliteEventStorage>::delete_event
FNDA:7,<impl EventStorage for SqliteEventStorage>::query_unacked_events
FNDA:4,SqliteCursorStorage::open
FNDA:4,SqliteCursorStorage::init_schema
FNDA:5,<impl CursorStorage for SqliteCursorStorage>::get_cursor
FNDA:5,<impl CursorStorage for SqliteCursorStorage>::advance_cursor
FNDA:10,SqliteGraphStorage::open
FNDA:10,SqliteGraphStorage::init_schema
FNDA:10,SqliteGraphStorage::raw_conn
FNDA:3,<impl GraphStorage for SqliteGraphStorage>::load_node_capabilities
FNDA:3,<impl GraphStorage for SqliteGraphStorage>::save_node_capabilities
FNDA:6,<impl GraphStorage for SqliteGraphStorage>::list_guests
FNDA:2,<impl GraphStorage for SqliteGraphStorage>::set_guest_pid
FNDA:4,<impl GraphStorage for SqliteGraphStorage>::seed_guests
FNDA:8,<impl GraphStorage for SqliteGraphStorage>::sync_apartment
DA:26,6
DA:27,18
DA:29,12
DA:31,12
DA:32,6
DA:35,6
DA:36,18
DA:37,18
DA:55,6
DA:60,18
DA:61,54
DA:62,34
DA:64,1
DA:65,1
DA:66,1
DA:67,1
DA:68,1
DA:69,1
DA:70,2
DA:71,2
DA:72,2
DA:73,2
DA:74,1
DA:76,1
DA:80,72
DA:82,54
DA:83,54
DA:89,36
DA:90,54
DA:91,18
DA:92,18
DA:93,18
DA:94,36
DA:95,18
DA:96,18
DA:97,18
DA:98,18
DA:99,18
DA:100,18
DA:101,18
DA:105,36
DA:106,18
DA:107,18
DA:110,1
DA:111,3
DA:112,4
DA:114,2
DA:116,1
DA:119,7
DA:125,21
DA:126,21
DA:137,28
DA:138,14
DA:140,44
DA:141,40
DA:142,40
DA:144,20
DA:146,1
DA:147,2
DA:148,4
DA:150,5
DA:151,4
DA:152,5
DA:153,3
DA:159,40
DA:160,20
DA:161,30
DA:163,40
DA:164,30
DA:165,20
DA:166,40
DA:168,20
DA:169,20
DA:170,40
DA:171,20
DA:172,20
DA:173,20
DA:174,10
DA:175,20
DA:176,20
DA:177,20
DA:178,20
DA:179,10
DA:180,10
DA:184,7
DA:198,4
DA:199,12
DA:201,8
DA:203,8
DA:204,4
DA:207,4
DA:208,12
DA:209,12
DA:217,4
DA:222,5
DA:223,15
DA:224,10
DA:227,5
DA:228,8
DA:231,5
DA:234,5
DA:235,15
DA:236,15
DA:242,5
DA:244,5
DA:258,10
DA:259,40
DA:261,20
DA:263,20
DA:264,10
DA:267,10
DA:268,10
DA:269,30
DA:270,20
DA:308,30
DA:313,10
DA:314,10
DA:319,10
DA:320,10
DA:325,3
DA:326,9
DA:327,3
DA:328,6
DA:329,12
DA:331,8
DA:332,8
DA:333,8
DA:334,2
DA:336,1
DA:340,3
DA:341,9
DA:342,9
DA:343,9
DA:347,3
DA:349,3
DA:352,6
DA:353,18
DA:354,12
DA:355,1
DA:357,5
DA:359,18
DA:360,24
DA:361,12
DA:363,36
DA:364,16
DA:365,16
DA:366,16
DA:367,16
DA:368,16
DA:369,32
DA:372,6
DA:375,2
DA:376,6
DA:377,6
DA:379,2
DA:381,2
DA:384,4
DA:385,12
DA:386,16
DA:387,18
DA:389,6
DA:392,4
DA:395,8
DA:401,24
DA:402,24
DA:404,24
DA:406,8
DA:409,24
DA:411,16
DA:414,8
DA:415,0
DA:418,8
LF:172
LH:171
end_of_record
TN:
SF:/Users/jaredlikes/code/philotic-stack/crates/ansible-mesh-core/src/tools.rs
FN:11,<impl ToolInvoker for LocalMockInvoker>::call_tool
FNF:1
FNDA:0,<impl ToolInvoker for LocalMockInvoker>::call_tool
DA:11,0
DA:12,0
DA:14,0
DA:15,0
DA:17,0
DA:18,0
DA:19,0
DA:22,0
DA:24,0
DA:25,0
DA:26,0
DA:27,0
DA:30,0
LF:13
LH:0
end_of_record
TN:
SF:/Users/jaredlikes/code/philotic-stack/crates/hegemon/src/main.rs
FN:17,main
FNF:1
FNDA:0,main
DA:17,0
DA:18,0
DA:19,0
DA:21,0
DA:24,0
DA:25,0
DA:28,0
DA:31,0
DA:32,0
DA:34,0
DA:35,0
DA:36,0
DA:37,0
DA:38,0
DA:40,0
DA:43,0
DA:44,0
DA:48,0
DA:49,0
DA:53,0
DA:54,0
DA:58,0
DA:59,0
DA:62,0
DA:63,0
DA:65,0
DA:68,0
DA:69,0
DA:70,0
DA:71,0
DA:72,0
DA:73,0
DA:76,0
DA:78,0
DA:79,0
DA:80,0
DA:81,0
DA:82,0
DA:83,0
DA:84,0
DA:85,0
DA:87,0
DA:88,0
DA:89,0
DA:91,0
DA:94,0
DA:95,0
DA:96,0
DA:97,0
DA:98,0
DA:99,0
DA:100,0
DA:101,0
DA:104,0
DA:105,0
DA:106,0
DA:112,0
DA:113,0
DA:117,0
DA:118,0
DA:119,0
DA:125,0
DA:126,0
DA:127,0
DA:128,0
DA:130,0
DA:131,0
DA:132,0
DA:134,0
DA:135,0
DA:136,0
DA:137,0
DA:138,0
DA:141,0
DA:142,0
DA:144,0
DA:145,0
DA:146,0
DA:147,0
DA:151,0
DA:156,0
DA:157,0
LF:82
LH:0
end_of_record
TN:
SF:/Users/jaredlikes/code/philotic-stack/crates/model-router/src/main.rs
FN:16,main
FNF:1
FNDA:0,main
DA:16,0
DA:17,0
DA:18,0
DA:20,0
DA:23,0
DA:24,0
DA:27,0
DA:30,0
DA:31,0
DA:33,0
DA:34,0
DA:35,0
DA:36,0
DA:37,0
DA:39,0
DA:42,0
DA:43,0
DA:47,0
DA:48,0
DA:52,0
DA:53,0
DA:56,0
DA:57,0
DA:59,0
DA:61,0
DA:62,0
DA:63,0
DA:64,0
DA:66,0
DA:67,0
DA:68,0
DA:69,0
DA:71,0
DA:74,0
DA:75,0
DA:78,0
DA:79,0
DA:80,0
DA:81,0
DA:82,0
DA:84,0
DA:85,0
DA:86,0
DA:87,0
DA:88,0
DA:91,0
DA:93,0
DA:95,0
DA:96,0
DA:97,0
DA:98,0
DA:99,0
DA:100,0
DA:110,0
DA:111,0
DA:112,0
DA:119,0
DA:120,0
DA:123,0
DA:128,0
DA:129,0
DA:131,0
DA:132,0
LF:63
LH:0
end_of_record
TN:
SF:/Users/jaredlikes/code/philotic-stack/crates/philotic-client/src/lib.rs
FN:76,IpcResponse::success
FN:86,IpcResponse::error
FN:115,PhiloticClient::connect
FN:153,PhiloticClient::send_request
FN:175,PhiloticClient::recv_task
FN:186,PhiloticClient::sync_apartment
FNF:6
FNDA:1,IpcResponse::success
FNDA:0,IpcResponse::error
FNDA:0,PhiloticClient::connect
FNDA:0,PhiloticClient::send_request
FNDA:0,PhiloticClient::recv_task
FNDA:0,PhiloticClient::sync_apartment
DA:76,1
DA:79,3
DA:80,3
DA:81,2
DA:86,0
DA:89,0
DA:90,0
DA:91,0
DA:115,0
DA:116,0
DA:117,0
DA:118,0
DA:120,0
DA:121,0
DA:124,0
DA:129,0
DA:133,0
DA:134,0
DA:135,0
DA:137,0
DA:138,0
DA:139,0
DA:141,0
DA:142,0
DA:144,0
DA:149,0
DA:153,0
DA:154,0
DA:155,0
DA:156,0
DA:157,0
DA:161,0
DA:162,0
DA:164,0
DA:165,0
DA:168,0
DA:171,0
DA:175,0
DA:176,0
DA:177,0
DA:179,0
DA:182,0
DA:186,0
DA:188,0
DA:189,0
DA:192,0
DA:193,0
DA:194,0
DA:195,0
DA:197,0
LF:50
LH:4
end_of_record
TN:
SF:/Users/jaredlikes/code/philotic-stack/crates/robot-kit/src/traits.rs
FN:23,ToolResult::success
FN:32,ToolResult::error
FN:41,ToolResult::partial
FN:116,Tool::spec
FNF:4
FNDA:0,ToolResult::success
FNDA:0,ToolResult::error
FNDA:0,ToolResult::partial
FNDA:0,Tool::spec
DA:23,0
DA:26,0
DA:32,0
DA:35,0
DA:36,0
DA:41,0
DA:44,0
DA:45,0
DA:116,0
DA:118,0
DA:119,0
DA:120,0
LF:12
LH:0
end_of_record
